android/app/build/intermediates/manifest_merge_blame_file/debug/manifest-merger-blame-debug-report.txt
1<?xml version="1.0" encoding="utf-8"?>
2<manifest xmlns:android="http://schemas.android.com/apk/res/android"
3    package="com.coursesquare"
4    android:versionCode="1"
5    android:versionName="1.0" >
6
7    <uses-sdk
8        android:minSdkVersion="21"
9        android:targetSdkVersion="29" />
10
11    <uses-permission android:name="android.permission.SYSTEM_ALERT_WINDOW" />
11-->src\debug\AndroidManifest.xml:5:5-77
11-->src\debug\AndroidManifest.xml:5:22-75
12    <uses-permission android:name="android.permission.INTERNET" />
12-->src\main\AndroidManifest.xml:4:5-67
12-->src\main\AndroidManifest.xml:4:22-64
13    <uses-permission android:name="android.permission.ACCESS_WIFI_STATE" />
13-->[com.facebook.flipper:flipper:0.75.1] AndroidManifest.xml:16:5-76
13-->[com.facebook.flipper:flipper:0.75.1] AndroidManifest.xml:16:22-73
14    <uses-permission android:name="com.google.android.finsky.permission.BIND_GET_INSTALL_REFERRER_SERVICE" />
14-->[com.android.installreferrer:installreferrer:1.0] AndroidManifest.xml:9:5-110
14-->[com.android.installreferrer:installreferrer:1.0] AndroidManifest.xml:9:22-107
15
16    <application
16-->src\main\AndroidManifest.xml:6:5-26:19
17        android:name="com.coursesquare.MainApplication"
17-->src\main\AndroidManifest.xml:7:7-38
18        android:allowBackup="false"
18-->src\main\AndroidManifest.xml:11:7-34
19        android:appComponentFactory="androidx.core.app.CoreComponentFactory"
19-->[androidx.core:core:1.1.0] AndroidManifest.xml:24:18-86
20        android:debuggable="true"
21        android:icon="@mipmap/ic_launcher"
21-->src\main\AndroidManifest.xml:9:7-41
22        android:label="@string/app_name"
22-->src\main\AndroidManifest.xml:8:7-39
23        android:roundIcon="@mipmap/ic_launcher_round"
23-->src\main\AndroidManifest.xml:10:7-52
24        android:supportsRtl="true"
24-->[com.facebook.android:facebook-android-sdk:9.0.0] AndroidManifest.xml:28:18-44
25        android:theme="@style/AppTheme"
25-->src\main\AndroidManifest.xml:12:7-38
26        android:usesCleartextTraffic="true" >
26-->src\debug\AndroidManifest.xml:8:9-44
27        <activity android:name="com.facebook.react.devsupport.DevSettingsActivity" />
27-->src\debug\AndroidManifest.xml:11:9-86
27-->src\debug\AndroidManifest.xml:11:19-83
28        <activity
28-->src\main\AndroidManifest.xml:13:7-23:18
29            android:name="com.coursesquare.MainActivity"
29-->src\main\AndroidManifest.xml:14:9-37
30            android:configChanges="keyboard|keyboardHidden|orientation|screenSize|uiMode"
30-->src\main\AndroidManifest.xml:16:9-86
31            android:label="@string/app_name"
31-->src\main\AndroidManifest.xml:15:9-41
32            android:launchMode="singleTask"
32-->src\main\AndroidManifest.xml:17:9-40
33            android:windowSoftInputMode="adjustResize" >
33-->src\main\AndroidManifest.xml:18:9-51
34            <intent-filter>
34-->src\main\AndroidManifest.xml:19:9-22:25
35                <action android:name="android.intent.action.MAIN" />
35-->src\main\AndroidManifest.xml:20:13-65
35-->src\main\AndroidManifest.xml:20:21-62
36
37                <category android:name="android.intent.category.LAUNCHER" />
37-->src\main\AndroidManifest.xml:21:13-73
37-->src\main\AndroidManifest.xml:21:23-70
38            </intent-filter>
39        </activity>
40
41        <meta-data
41-->src\main\AndroidManifest.xml:24:11-109
42            android:name="com.facebook.sdk.ApplicationId"
42-->src\main\AndroidManifest.xml:24:22-67
43            android:value="@string/facebook_app_id" />
43-->src\main\AndroidManifest.xml:24:68-107
44
45        <activity
45-->[com.facebook.android:facebook-common:9.0.0] AndroidManifest.xml:30:9-33:66
46            android:name="com.facebook.FacebookActivity"
46-->[com.facebook.android:facebook-common:9.0.0] AndroidManifest.xml:31:13-57
47            android:configChanges="keyboard|keyboardHidden|screenLayout|screenSize|orientation"
47-->[com.facebook.android:facebook-common:9.0.0] AndroidManifest.xml:32:13-96
48            android:theme="@style/com_facebook_activity_theme" />
48-->[com.facebook.android:facebook-common:9.0.0] AndroidManifest.xml:33:13-63
49        <activity android:name="com.facebook.CustomTabMainActivity" />
49-->[com.facebook.android:facebook-common:9.0.0] AndroidManifest.xml:34:9-71
49-->[com.facebook.android:facebook-common:9.0.0] AndroidManifest.xml:34:19-68
50        <activity
50-->[com.facebook.android:facebook-common:9.0.0] AndroidManifest.xml:35:9-49:20
51            android:name="com.facebook.CustomTabActivity"
51-->[com.facebook.android:facebook-common:9.0.0] AndroidManifest.xml:36:13-58
52            android:exported="true" >
52-->[com.facebook.android:facebook-common:9.0.0] AndroidManifest.xml:37:13-36
53            <intent-filter>
53-->[com.facebook.android:facebook-common:9.0.0] AndroidManifest.xml:39:13-48:29
54                <action android:name="android.intent.action.VIEW" />
54-->[com.facebook.android:facebook-common:9.0.0] AndroidManifest.xml:40:17-69
54-->[com.facebook.android:facebook-common:9.0.0] AndroidManifest.xml:40:25-66
55
56                <category android:name="android.intent.category.DEFAULT" />
56-->[com.facebook.android:facebook-common:9.0.0] AndroidManifest.xml:42:17-76
56-->[com.facebook.android:facebook-common:9.0.0] AndroidManifest.xml:42:27-73
57                <category android:name="android.intent.category.BROWSABLE" />
57-->[com.facebook.android:facebook-common:9.0.0] AndroidManifest.xml:43:17-78
57-->[com.facebook.android:facebook-common:9.0.0] AndroidManifest.xml:43:27-75
58
59                <data
59-->[com.facebook.android:facebook-common:9.0.0] AndroidManifest.xml:45:17-47:50
60                    android:host="cct.com.coursesquare"
60-->[com.facebook.android:facebook-common:9.0.0] AndroidManifest.xml:46:21-56
61                    android:scheme="fbconnect" />
61-->[com.facebook.android:facebook-common:9.0.0] AndroidManifest.xml:47:21-47
62            </intent-filter>
63        </activity>
64        <!--
65         The initialization ContentProvider will call FacebookSdk.sdkInitialize automatically
66         with the application context. This config is merged in with the host app's manifest,
67         but there can only be one provider with the same authority activated at any given
68         point; so if the end user has two or more different apps that use Facebook SDK, only the
69         first one will be able to use the provider. To work around this problem, we use the
70         following placeholder in the authority to identify each host application as if it was
71         a completely different provider.
72        -->
73        <provider
73-->[com.facebook.android:facebook-core:9.0.0] AndroidManifest.xml:39:9-42:40
74            android:name="com.facebook.internal.FacebookInitProvider"
74-->[com.facebook.android:facebook-core:9.0.0] AndroidManifest.xml:40:13-70
75            android:authorities="com.coursesquare.FacebookInitProvider"
75-->[com.facebook.android:facebook-core:9.0.0] AndroidManifest.xml:41:13-72
76            android:exported="false" />
76-->[com.facebook.android:facebook-core:9.0.0] AndroidManifest.xml:42:13-37
77
78        <receiver
78-->[com.facebook.android:facebook-core:9.0.0] AndroidManifest.xml:44:9-50:20
79            android:name="com.facebook.CurrentAccessTokenExpirationBroadcastReceiver"
79-->[com.facebook.android:facebook-core:9.0.0] AndroidManifest.xml:45:13-86
80            android:exported="false" >
80-->[com.facebook.android:facebook-core:9.0.0] AndroidManifest.xml:46:13-37
81            <intent-filter>
81-->[com.facebook.android:facebook-core:9.0.0] AndroidManifest.xml:47:13-49:29
82                <action android:name="com.facebook.sdk.ACTION_CURRENT_ACCESS_TOKEN_CHANGED" />
82-->[com.facebook.android:facebook-core:9.0.0] AndroidManifest.xml:48:17-95
82-->[com.facebook.android:facebook-core:9.0.0] AndroidManifest.xml:48:25-92
83            </intent-filter>
84        </receiver>
85    </application>
86
87</manifest>